geckodriver 0.29.0 (cf6956a5ec8e 2021-01-14 10:31 +0200) 
WebDriver implementation for Firefox

USAGE:
    geckodriver [FLAGS] [OPTIONS]

FLAGS:
        --connect-existing    Connect to an existing Firefox instance
    -h, --help                Prints this message
        --jsdebugger          Attach browser toolbox debugger for Firefox
    -v                        Log level verbosity (-v for debug and -vv for trace level)
    -V, --version             Prints version and copying information

OPTIONS:
        --android-storage <ANDROID_STORAGE>    Selects storage location to be used for test data. [default: auto]
                                               [possible values: auto, app, internal, sdcard]
    -b, --binary <BINARY>                      Path to the Firefox binary
        --log <LEVEL>                          Set Gecko log level [possible values: fatal, error, warn, info, config,
                                               debug, trace]
        --marionette-host <HOST>               Host to use to connect to Gecko [default: 127.0.0.1]
        --marionette-port <PORT>               Port to use to connect to Gecko [default: system-allocated port]
        --host <HOST>                          Host IP to use for WebDriver server [default: 127.0.0.1]
    -p, --port <PORT>                          Port to use for WebDriver server [default: 4444]
/home/david/Documentos/zumbis-project/node_modules/geckodriver/geckodriver: error: Address in use (os error 98)
